<?xml version="1.0" encoding="UTF-8"?>
<!-- Generated by org.testng.reporters.JUnitReportReporter -->
<testsuite hostname="Janani" failures="0" tests="1" name="ExcelToHashMapToJson" time="1.273" errors="0" timestamp="2023-06-20T21:47:41 PDT" skipped="0">
  <testcase classname="ExcelToHashMapToJson" name="excelToHashMap" time="1.273"/>
  <system-out/>
</testsuite> <!-- ExcelToHashMapToJson -->
