<?xml version="1.0" encoding="UTF-8"?>
<!-- Generated by org.testng.reporters.JUnitReportReporter -->
<testsuite hostname="Janani" failures="0" tests="3" name="JiraAddComment" time="2.048" errors="0" timestamp="2023-04-27T15:17:35 PDT" skipped="0">
  <testcase classname="JiraAddComment" name="createSession" time="1.171"/>
  <system-out/>
  <testcase classname="JiraAddComment" name="addComment" time="0.799"/>
  <system-out/>
  <testcase classname="JiraAddComment" name="getIssue" time="0.078"/>
  <system-out/>
</testsuite> <!-- JiraAddComment -->
