<?xml version="1.0" encoding="UTF-8"?>
<!-- Generated by org.testng.reporters.JUnitReportReporter -->
<testsuite hostname="Janani" failures="0" tests="1" name="ExcelToHashMapToJson" time="4.449" errors="0" timestamp="2023-06-23T17:14:30 PDT" skipped="0">
  <testcase classname="ExcelToHashMapToJson" name="addBook" time="4.449"/>
  <system-out/>
</testsuite> <!-- ExcelToHashMapToJson -->
