<?xml version="1.0" encoding="UTF-8"?>
<!-- Generated by org.testng.reporters.JUnitReportReporter -->
<testsuite hostname="Janani" failures="0" tests="3" name="JiraSessionAndIssueCreation" time="1.667" errors="0" timestamp="2023-04-26T14:31:37 PDT" skipped="0">
  <testcase classname="JiraSessionAndIssueCreation" name="sessionCreation" time="1.405"/>
  <system-out/>
  <testcase classname="JiraSessionAndIssueCreation" name="issueCreation" time="0.183"/>
  <system-out/>
  <testcase classname="JiraSessionAndIssueCreation" name="getIssue" time="0.079"/>
  <system-out/>
</testsuite> <!-- JiraSessionAndIssueCreation -->
