<?xml version="1.0" encoding="UTF-8"?>
<!-- Generated by org.testng.reporters.JUnitReportReporter -->
<testsuite hostname="Janani" failures="0" tests="1" name="DeleteBook" time="3.421" errors="0" timestamp="2023-06-25T04:53:47 PDT" skipped="0">
  <testcase classname="DeleteBook" name="chumma" time="3.421"/>
  <system-out/>
</testsuite> <!-- DeleteBook -->
