<?xml version="1.0" encoding="UTF-8"?>
<!-- Generated by org.testng.reporters.JUnitReportReporter -->
<testsuite hostname="Janani" failures="0" tests="2" name="DynamicJson" time="3.902" errors="0" timestamp="2023-04-20T19:43:26 PDT" skipped="0">
  <testcase classname="DynamicJson" name="dynamicJson" time="3.153"/>
  <system-out/>
  <testcase classname="DynamicJson" name="dynamicJson" time="0.749"/>
  <system-out/>
</testsuite> <!-- DynamicJson -->
