<?xml version="1.0" encoding="UTF-8"?>
<!-- Generated by org.testng.reporters.JUnitReportReporter -->
<testsuite hostname="Janani" failures="0" tests="3" name="JiraAddComment" time="4.489" errors="0" timestamp="2023-04-28T15:38:50 PDT" skipped="0">
  <testcase classname="JiraAddComment" name="createSession" time="2.409"/>
  <system-out/>
  <testcase classname="JiraAddComment" name="addComment" time="1.775"/>
  <system-out/>
  <testcase classname="JiraAddComment" name="getIssue" time="0.305"/>
  <system-out/>
</testsuite> <!-- JiraAddComment -->
