<?xml version="1.0" encoding="UTF-8"?>
<!-- Generated by org.testng.reporters.JUnitReportReporter -->
<testsuite hostname="Janani" failures="0" tests="1" name="Pojo_Serialisation" time="3.054" errors="0" timestamp="2023-05-08T17:29:39 PDT" skipped="0">
  <testcase classname="Pojo_Serialisation" name="pojoSerialisation" time="3.054"/>
  <system-out/>
</testsuite> <!-- Pojo_Serialisation -->
