<?xml version="1.0" encoding="UTF-8"?>
<!-- Generated by org.testng.reporters.JUnitReportReporter -->
<testsuite hostname="Janani" failures="0" tests="1" name="CreateBook" time="3.756" errors="0" timestamp="2023-06-25T04:43:16 PDT" skipped="0">
  <testcase classname="CreateBook" name="chumma" time="3.756"/>
  <system-out/>
</testsuite> <!-- CreateBook -->
