<?xml version="1.0" encoding="UTF-8"?>
<!-- Generated by org.testng.reporters.JUnitReportReporter -->
<testsuite hostname="Janani" failures="0" tests="1" name="SpecBuilder" time="3.242" errors="0" timestamp="2023-05-08T18:20:16 PDT" skipped="0">
  <testcase classname="SpecBuilder" name="specBuilder" time="3.242"/>
  <system-out/>
</testsuite> <!-- SpecBuilder -->
