<?xml version="1.0" encoding="UTF-8"?>
<!-- Generated by org.testng.reporters.JUnitReportReporter -->
<testsuite hostname="Janani" failures="0" tests="1" name="HashMapToJson" time="0.012" errors="0" timestamp="2023-06-20T14:11:09 PDT" skipped="0">
  <testcase classname="HashMapToJson" name="dum" time="0.012"/>
  <system-out/>
</testsuite> <!-- HashMapToJson -->
