<?xml version="1.0" encoding="UTF-8"?>
<!-- Generated by org.testng.reporters.JUnitReportReporter -->
<testsuite hostname="Janani" failures="0" tests="1" name="ExternalJson" time="3.097" errors="0" timestamp="2023-04-20T20:15:46 PDT" skipped="0">
  <testcase classname="ExternalJson" name="dynamicJson" time="3.097"/>
  <system-out/>
</testsuite> <!-- ExternalJson -->
