<?xml version="1.0" encoding="UTF-8"?>
<!-- Generated by org.testng.reporters.JUnitReportReporter -->
<testsuite hostname="Janani" failures="0" tests="2" name="rahulshettyShopping.testCases.EndToEndShopping" time="6.410" errors="0" timestamp="2023-05-10T22:08:12 PDT" skipped="0">
  <testcase classname="rahulshettyShopping.testCases.EndToEndShopping" name="login" time="4.306"/>
  <system-out/>
  <testcase classname="rahulshettyShopping.testCases.EndToEndShopping" name="createProduct" time="2.104"/>
  <system-out/>
</testsuite> <!-- rahulshettyShopping.testCases.EndToEndShopping -->
