<?xml version="1.0" encoding="UTF-8"?>
<!-- Generated by org.testng.reporters.JUnitReportReporter -->
<testsuite hostname="Janani" failures="0" tests="4" name="rahulshettyShopping.testCases.EndToEndShopping" time="9.785" errors="0" timestamp="2023-05-11T17:14:36 PDT" skipped="0">
  <testcase classname="rahulshettyShopping.testCases.EndToEndShopping" name="login" time="4.873"/>
  <system-out/>
  <testcase classname="rahulshettyShopping.testCases.EndToEndShopping" name="createProduct" time="2.363"/>
  <system-out/>
  <testcase classname="rahulshettyShopping.testCases.EndToEndShopping" name="placeOrder" time="1.531"/>
  <system-out/>
  <testcase classname="rahulshettyShopping.testCases.EndToEndShopping" name="deleteProduct" time="1.018"/>
  <system-out/>
</testsuite> <!-- rahulshettyShopping.testCases.EndToEndShopping -->
